PARENT: IN = 1
PARENT: ITEM = Queens College enjoys a national reputation for 0
PARENT: IN = 2
PARENT: ITEM = its liberal arts and sciences and preprofessiona0
PARENT: IN = 3
PARENT: ITEM = l programs. 
With its extensive range of graduat0
PARENT: IN = 4
PARENT: ITEM = e and undergraduate degrees, honors programs, re0
PARENT: IN = 5
PARENT: ITEM = search opportunities, and internship placements,0
PARENT: IN = 6
PARENT: ITEM =  the
college serves more than 20000 students, me0
PARENT: IN = 7
PARENT: ITEM = ntored by an award-winning faculty. Located on a0
PARENT: IN = 8
PARENT: ITEM =  beautiful, 80-acre campus, the college has
been0
PARENT: IN = 9
PARENT: ITEM =  cited for 28 consecutive years in the Princeton0
PARENT: IN = 0
PARENT: ITEM =  Review as a Best Value college. US News and Wor0
CHILD: OUT = 1
CHILD: ITEM = Queens College enjoys a national reputation for 
PARENT: IN = 1
CHILD: OUT = 2
CHILD: ITEM = its liberal arts and sciences and preprofessiona
PARENT: ITEM = ld Report and Forbes magazine
also rank Queens C0
CHILD: OUT = 3
PARENT: IN = 2
CHILD: ITEM = l programs. 
With its extensive range of graduat
PARENT: ITEM = ollege a Best Value College thanks to its outsta0
CHILD: OUT = 4
CHILD: ITEM = e and undergraduate degrees, honors programs, re
PARENT: IN = 3
CHILD: OUT = 5
CHILD: ITEM = search opportunities, and internship placements,
PARENT: ITEM = nding academics, generous financial aid packages0
CHILD: OUT = 6
PARENT: IN = 4
CHILD: ITEM =  the
college serves more than 20000 students, me
PARENT: ITEM = , and affordability. 

The Equality of Opportuni0
CHILD: OUT = 7
CHILD: ITEM = ntored by an award-winning faculty. Located on a
PARENT: IN = 5
CHILD: OUT = 8
PARENT: ITEM = ty Report placed Queens College in the top one p0
CHILD: ITEM =  beautiful, 80-acre campus, the college has
been
CHILD: OUT = 9
PARENT: IN = 6
CHILD: ITEM =  cited for 28 consecutive years in the Princeton
PARENT: ITEM = ercent of all colleges in moving students from p0
CHILD: OUT = 0
CHILD: ITEM =  Review as a Best Value college. US News and Wor
PARENT: IN = 7
CHILD: OUT = 1
PARENT: ITEM = overty to prosperity.Queens College enjoys a nat0
CHILD: ITEM = ld Report and Forbes magazine
also rank Queens C
CHILD: OUT = 2
PARENT: IN = 8
CHILD: ITEM = ollege a Best Value College thanks to its outsta
PARENT: ITEM = ional reputation for its liberal arts and scienc0
CHILD: OUT = 3
CHILD: ITEM = nding academics, generous financial aid packages
PARENT: IN = 9
CHILD: OUT = 4
PARENT: ITEM = es and preprofessional programs. With its extens0
CHILD: ITEM = , and affordability. 

The Equality of Opportuni
CHILD: OUT = 5
PARENT: IN = 0
CHILD: ITEM = ty Report placed Queens College in the top one p
PARENT: ITEM = ive range of graduate and undergraduate degrees,0
CHILD: OUT = 6
CHILD: ITEM = ercent of all colleges in moving students from p
PARENT: IN = 1
CHILD: OUT = 7
PARENT: ITEM =  honors programs, research opportunities, and in0
CHILD: ITEM = overty to prosperity.Queens College enjoys a nat
CHILD: OUT = 8
PARENT: IN = 2
CHILD: ITEM = ional reputation for its liberal arts and scienc
PARENT: ITEM = ternship placements, the college serves more tha0
CHILD: OUT = 9
CHILD: ITEM = es and preprofessional programs. With its extens
PARENT: IN = 3
CHILD: OUT = 0
PARENT: ITEM = n 20,000 students, mentored by an award-winning 0
CHILD: ITEM = ive range of graduate and undergraduate degrees,
CHILD: OUT = 1
PARENT: IN = 4
CHILD: ITEM =  honors programs, research opportunities, and in
PARENT: ITEM = faculty. Located on a beautiful, 80-acre campus,0
CHILD: OUT = 2
CHILD: ITEM = ternship placements, the college serves more tha
PARENT: IN = 5
CHILD: OUT = 3
PARENT: ITEM =  the college has been cited for 28 consecutive y0
CHILD: ITEM = n 20,000 students, mentored by an award-winning 
CHILD: OUT = 4
PARENT: IN = 6
CHILD: ITEM = faculty. Located on a beautiful, 80-acre campus,
PARENT: ITEM = ears in the Princeton Review as a Best Value col0
CHILD: OUT = 5
CHILD: ITEM =  the college has been cited for 28 consecutive y
PARENT: IN = 7
CHILD: OUT = 6
CHILD: ITEM = ears in the Princeton Review as a Best Value col
PARENT: ITEM = lege. U.S. News and World Report and Forbes maga0
CHILD: OUT = 7
PARENT: IN = 8
CHILD: ITEM = lege. U.S. News and World Report and Forbes maga
PARENT: ITEM = zine also rank Queens College a Best Value Colle0
CHILD: OUT = 8
CHILD: ITEM = zine also rank Queens College a Best Value Colle
PARENT: IN = 9
CHILD: OUT = 9
PARENT: ITEM = ge, thanks to its outstanding academics, generou0
CHILD: ITEM = ge, thanks to its outstanding academics, generou
PARENT: IN = 0
PARENT: ITEM = s financial aid packages, and affordability. The0
CHILD: OUT = 0
PARENT: IN = 1
CHILD: ITEM = s financial aid packages, and affordability. The
PARENT: ITEM =  Equality of Opportunity Report placed Queens Co0
CHILD: OUT = 1
CHILD: ITEM =  Equality of Opportunity Report placed Queens Co
PARENT: IN = 2
CHILD: OUT = 2
PARENT: ITEM = llege in the top one percent of all colleges in 0
CHILD: ITEM = llege in the top one percent of all colleges in 
PARENT: IN = 3
PARENT: ITEM = moving students from poverty to prosperity,

Que0
CHILD: OUT = 3
PARENT: IN = 4
CHILD: ITEM = moving students from poverty to prosperity,

Que
PARENT: ITEM = ens College produces more education graduates wh0
CHILD: OUT = 4
CHILD: ITEM = ens College produces more education graduates wh
PARENT: IN = 5
CHILD: OUT = 5
PARENT: ITEM = o become principals, teachers, and counselors fo0
CHILD: ITEM = o become principals, teachers, and counselors fo
PARENT: IN = 6
PARENT: ITEM = r New York City public schools than any other co0
CHILD: OUT = 6
CHILD: ITEM = r New York City public schools than any other co
PARENT: IN = 7
CHILD: OUT = 7
PARENT: ITEM = llege in the metropolitan area. The college cont0
CHILD: ITEM = llege in the metropolitan area. The college cont
PARENT: IN = 8
PARENT: ITEM = ributes to the local talent pool as a leader in 0
CHILD: OUT = 8
PARENT: IN = 9
CHILD: ITEM = ributes to the local talent pool as a leader in 
PARENT: ITEM = tech education, and enrolls the second-most comp0
CHILD: OUT = 9
CHILD: ITEM = tech education, and enrolls the second-most comp
PARENT: IN = 0
CHILD: OUT = 0
PARENT: ITEM = uter science majors of any college in the city. 0
CHILD: ITEM = uter science majors of any college in the city. 
PARENT: IN = 1
PARENT: ITEM = Students from across the country and around the 0
CHILD: OUT = 1
CHILD: ITEM = Students from across the country and around the 
PARENT: IN = 2
CHILD: OUT = 2
PARENT: ITEM = world are attracted to study at the Aaron Coplan0
CHILD: ITEM = world are attracted to study at the Aaron Coplan
PARENT: IN = 3
PARENT: ITEM = d School of Music.Its renowned faculty and alumn0
CHILD: OUT = 3
CHILD: ITEM = d School of Music.Its renowned faculty and alumn
PARENT: IN = 4
CHILD: OUT = 4
PARENT: ITEM = i include celebrated composers, conductors, and 0
CHILD: ITEM = i include celebrated composers, conductors, and 
PARENT: IN = 5
CHILD: OUT = 5
PARENT: ITEM = performers who have received over 100 Grammy Awa0
CHILD: ITEM = performers who have received over 100 Grammy Awa
PARENT: IN = 6
PARENT: ITEM = rds and nominations. Visit the homepage to learn0
CHILD: OUT = 6
CHILD: ITEM = rds and nominations. Visit the homepage to learn
PARENT: IN = 7
CHILD: OUT = 7
PARENT: ITEM =  more about Queens Colleges stellar programs and0
CHILD: ITEM =  more about Queens Colleges stellar programs and
PARENT: IN = 8
PARENT: ITEM =  robust campus life.olleges stellar programs and0
CHILD: OUT = 8
CHILD: ITEM =  robust campus life.olleges stellar programs and
PARENT: The parent value of shMemPrdCharCount  = 2228
CHILD: The parent value of shMemPrdCharCount  = 2228
CHILD: The child value of shMemCsrCharCount  = 2228
